<?xml version="1.0" encoding="UTF-8"?>
<!-- Generated by org.testng.reporters.JUnitReportReporter -->
<testsuite hostname="Yoda" name="com.tiborbotos.patterns.OptionTest" tests="4" failures="0" timestamp="22 Sep 2013 16:51:05 GMT" time="0.015" errors="0">
  <testcase name="testOptionNoneIsEmpty" time="0.000" classname="com.tiborbotos.patterns.OptionTest"/>
  <testcase name="testGetOrElseWithException" time="0.001" classname="com.tiborbotos.patterns.OptionTest"/>
  <testcase name="testGetOrElse" time="0.013" classname="com.tiborbotos.patterns.OptionTest"/>
  <testcase name="testOptionHasValue" time="0.001" classname="com.tiborbotos.patterns.OptionTest"/>
</testsuite> <!-- com.tiborbotos.patterns.OptionTest -->
